#
# A fatal error has been detected by the Java Runtime Environment:
#
#  EXCEPTION_ACCESS_VIOLATION (0xc0000005) at pc=0x000000000300d230, pid=18296, tid=0x0000000000003810
#
# JRE version: OpenJDK Runtime Environment (8.0_242-b01) (build 1.8.0_242-release-1644-b01)
# Java VM: OpenJDK 64-Bit Server VM (25.242-b01 mixed mode windows-amd64 compressed oops)
# Problematic frame:
# J 4941 C1 org.jetbrains.kotlin.psi.KtPsiUtil.deparenthesize(Lorg/jetbrains/kotlin/psi/KtExpression;Z)Lorg/jetbrains/kotlin/psi/KtExpression; (18 bytes) @ 0x000000000300d230 [0x000000000300d180+0xb0]
#
# Failed to write core dump. Minidumps are not enabled by default on client versions of Windows
#
# If you would like to submit a bug report, please visit:
#   
#

---------------  T H R E A D  ---------------

Current thread (0x0000000002645000):  JavaThread "main" [_thread_in_Java, id=14352, stack(0x0000000002510000,0x0000000002610000)]

siginfo: ExceptionCode=0xc0000005, writing address 0x0000000000000ac8

Registers:
RAX=0x000000001cd89950, RBX=0x000000001cd89950, RCX=0x000000001cd8fd20, RDX=0x00000000e27b25a8
RSP=0x000000000260c030, RBP=0x000000000260c0e0, RSI=0x00000000e27b25a8, RDI=0x0000000000000ac8
R8 =0x0000000000000000, R9 =0x00000000000000cb, R10=0x0000000058025d00, R11=0x000000000300d180
R12=0x0000000000000000, R13=0x000000000260c090, R14=0x000000000260c100, R15=0x0000000002645000
RIP=0x000000000300d230, EFLAGS=0x0000000000010202

Top of Stack: (sp=0x000000000260c030)
0x000000000260c030:   00000000e28f5860 00000000e27fdb88
0x000000000260c040:   00000000e2846db8 00000000a38274f0
0x000000000260c050:   00000000e27e4c80 0000000000000000
0x000000000260c060:   00000000e28d5588 000000000260c068
0x000000000260c070:   000000000260c0e0 0000000002827e20
0x000000000260c080:   000000000260c0e0 0000000002827e20
0x000000000260c090:   0000000000000000 00000000e27b25a8
0x000000000260c0a0:   000000000260c0a0 000000001cd89782
0x000000000260c0b0:   000000000260c100 000000001cd8fd20
0x000000000260c0c0:   0000000000000000 000000001cd897c8
0x000000000260c0d0:   000000000260c090 000000000260c0f8
0x000000000260c0e0:   000000000260c148 0000000002827e20
0x000000000260c0f0:   0000000000000000 0000000000000000
0x000000000260c100:   00000000e27b25a8 000000000260c108
0x000000000260c110:   000000001cd896c2 000000000260c158
0x000000000260c120:   000000001cd8fd20 0000000000000000 

Instructions: (pc=0x000000000300d230)
0x000000000300d210:   48 8b d0 44 8b 44 24 28 48 be 28 fd bf 00 00 00
0x000000000300d220:   00 00 48 83 86 08 01 00 00 01 48 8b f2 48 8b d6
0x000000000300d230:   49 ab f8 4c 8b c7 48 89 74 24 20 90 90 90 90 e8
0x000000000300d240:   bc a7 0c 00 48 8b 54 24 20 48 3b c2 48 be 28 fd 


Register to memory mapping:

RAX={method} {0x000000001cd89958} 'deparenthesize' '(Lorg/jetbrains/kotlin/psi/KtExpression;Z)Lorg/jetbrains/kotlin/psi/KtExpression;' in 'org/jetbrains/kotlin/psi/KtPsiUtil'
RBX={method} {0x000000001cd89958} 'deparenthesize' '(Lorg/jetbrains/kotlin/psi/KtExpression;Z)Lorg/jetbrains/kotlin/psi/KtExpression;' in 'org/jetbrains/kotlin/psi/KtPsiUtil'
RCX=0x000000001cd8fd20 is pointing into metadata
RDX=0x00000000e27b25a8 is an oop
org.jetbrains.kotlin.psi.KtBinaryExpression 
 - klass: 'org/jetbrains/kotlin/psi/KtBinaryExpression'
RSP=0x000000000260c030 is pointing into the stack for thread: 0x0000000002645000
RBP=0x000000000260c0e0 is pointing into the stack for thread: 0x0000000002645000
RSI=0x00000000e27b25a8 is an oop
org.jetbrains.kotlin.psi.KtBinaryExpression 
 - klass: 'org/jetbrains/kotlin/psi/KtBinaryExpression'
RDI=0x0000000000000ac8 is an unknown value
R8 =0x0000000000000000 is an unknown value
R9 =0x00000000000000cb is an unknown value
R10=0x0000000058025d00 is an unknown value
R11=0x000000000300d180 is at entry_point+0 in (nmethod*)0x000000000300d010
R12=0x0000000000000000 is an unknown value
R13=0x000000000260c090 is pointing into the stack for thread: 0x0000000002645000
R14=0x000000000260c100 is pointing into the stack for thread: 0x0000000002645000
R15=0x0000000002645000 is a thread


Stack: [0x0000000002510000,0x0000000002610000],  sp=0x000000000260c030,  free space=1008k
Native frames: (J=compiled Java code, j=interpreted, Vv=VM code, C=native code)
C  0x000000000300d230


---------------  P R O C E S S  ---------------

Java Threads: ( => current thread )
  0x00000000179ab800 JavaThread "Service Thread" daemon [_thread_blocked, id=15552, stack(0x0000000017d70000,0x0000000017e70000)]
  0x000000001601f000 JavaThread "C1 CompilerThread2" daemon [_thread_blocked, id=10640, stack(0x0000000017870000,0x0000000017970000)]
  0x0000000016011000 JavaThread "C2 CompilerThread1" daemon [_thread_blocked, id=2524, stack(0x0000000017770000,0x0000000017870000)]
  0x000000001600e000 JavaThread "C2 CompilerThread0" daemon [_thread_blocked, id=1796, stack(0x0000000017670000,0x0000000017770000)]
  0x000000001600d000 JavaThread "Attach Listener" daemon [_thread_blocked, id=6008, stack(0x0000000017570000,0x0000000017670000)]
  0x000000001600c000 JavaThread "Signal Dispatcher" daemon [_thread_blocked, id=12896, stack(0x0000000017470000,0x0000000017570000)]
  0x000000000273a800 JavaThread "Finalizer" daemon [_thread_blocked, id=13496, stack(0x0000000017260000,0x0000000017360000)]
  0x0000000002737800 JavaThread "Reference Handler" daemon [_thread_blocked, id=18996, stack(0x0000000017160000,0x0000000017260000)]
=>0x0000000002645000 JavaThread "main" [_thread_in_Java, id=14352, stack(0x0000000002510000,0x0000000002610000)]

Other Threads:
  0x0000000015fc6000 VMThread [stack: 0x0000000017060000,0x0000000017160000] [id=10188]
  0x000000001605e800 WatcherThread [stack: 0x0000000017e70000,0x0000000017f70000] [id=8800]

VM state:not at safepoint (normal execution)

VM Mutex/Monitor currently owned by a thread: None

heap address: 0x00000000a2c00000, size: 1492 MB, Compressed Oops mode: 32-bit
Narrow klass base: 0x0000000000000000, Narrow klass shift: 3
Compressed class space size: 1073741824 Address: 0x0000000100000000

Heap:
 PSYoungGen      total 79360K, used 49446K [0x00000000e0f00000, 0x00000000e6e00000, 0x0000000100000000)
  eden space 65024K, 54% used [0x00000000e0f00000,0x00000000e314bd60,0x00000000e4e80000)
  from space 14336K, 99% used [0x00000000e5e00000,0x00000000e6bfddc8,0x00000000e6c00000)
  to   space 15872K, 0% used [0x00000000e4e80000,0x00000000e4e80000,0x00000000e5e00000)
 ParOldGen       total 74240K, used 15569K [0x00000000a2c00000, 0x00000000a7480000, 0x00000000e0f00000)
  object space 74240K, 20% used [0x00000000a2c00000,0x00000000a3b344c0,0x00000000a7480000)
 Metaspace       used 45042K, capacity 45722K, committed 46000K, reserved 1089536K
  class space    used 5611K, capacity 5771K, committed 5808K, reserved 1048576K

Card table byte_map: [0x0000000011be0000,0x0000000011ed0000] byte_map_base: 0x00000000116ca000

Marking Bits: (ParMarkBitMap*) 0x000000005803f030
 Begin Bits: [0x00000000124d0000, 0x0000000013c20000)
 End Bits:   [0x0000000013c20000, 0x0000000015370000)

Polling page: 0x0000000000910000

CodeCache: size=245760Kb used=15491Kb max_used=15491Kb free=230268Kb
 bounds [0x0000000002820000, 0x0000000003750000, 0x0000000011820000]
 total_blobs=5182 nmethods=4712 adapters=383
 compilation: enabled

Compilation events (10 events):
Event: 69.405 Thread 0x000000001601f000 nmethod 5152 0x000000000374a210 code [0x000000000374a380, 0x000000000374a568]
Event: 69.405 Thread 0x000000001601f000 5153       3       org.jetbrains.kotlin.load.java.lazy.ContextKt::childForClassOrPackage (43 bytes)
Event: 69.405 Thread 0x000000001601f000 nmethod 5153 0x000000000374a610 code [0x000000000374a7e0, 0x000000000374ad18]
Event: 69.405 Thread 0x000000001601f000 5154       3       org.jetbrains.kotlin.load.java.lazy.ContextKt$childForClassOrPackage$1::<init> (16 bytes)
Event: 69.406 Thread 0x000000001601f000 nmethod 5154 0x000000000374b010 code [0x000000000374b180, 0x000000000374b3d0]
Event: 69.682 Thread 0x000000001601f000 5155       3       org.jetbrains.kotlin.resolve.constants.evaluate.ConstantExpressionEvaluatorKt::binaryOperation (60 bytes)
Event: 69.683 Thread 0x000000001601f000 nmethod 5155 0x000000000374b6d0 code [0x000000000374b8e0, 0x000000000374c1d8]
Event: 69.684 Thread 0x000000001601f000 5156       3       org.jetbrains.kotlin.resolve.constants.evaluate.BinaryOperationKey::<init> (38 bytes)
Event: 69.684 Thread 0x000000001601f000 nmethod 5156 0x000000000374c690 code [0x000000000374c840, 0x000000000374ccc8]
Event: 69.702 Thread 0x000000001601f000 5157       3       org.jetbrains.kotlin.resolve.constants.evaluate.BinaryOperationKey::hashCode (57 bytes)

GC Heap History (10 events):
Event: 36.871 GC heap before
{Heap before GC invocations=8 (full 1):
 PSYoungGen      total 43008K, used 42998K [0x00000000e0f00000, 0x00000000e4700000, 0x0000000100000000)
  eden space 33280K, 100% used [0x00000000e0f00000,0x00000000e2f80000,0x00000000e2f80000)
  from space 9728K, 99% used [0x00000000e3a80000,0x00000000e43fdb78,0x00000000e4400000)
  to   space 11264K, 0% used [0x00000000e2f80000,0x00000000e2f80000,0x00000000e3a80000)
 ParOldGen       total 52736K, used 10313K [0x00000000a2c00000, 0x00000000a5f80000, 0x00000000e0f00000)
  object space 52736K, 19% used [0x00000000a2c00000,0x00000000a3612548,0x00000000a5f80000)
 Metaspace       used 34003K, capacity 34541K, committed 34736K, reserved 1079296K
  class space    used 4367K, capacity 4511K, committed 4528K, reserved 1048576K
Event: 36.889 GC heap after
Heap after GC invocations=8 (full 1):
 PSYoungGen      total 44544K, used 11250K [0x00000000e0f00000, 0x00000000e5a80000, 0x0000000100000000)
  eden space 33280K, 0% used [0x00000000e0f00000,0x00000000e0f00000,0x00000000e2f80000)
  from space 11264K, 99% used [0x00000000e2f80000,0x00000000e3a7c898,0x00000000e3a80000)
  to   space 14848K, 0% used [0x00000000e4c00000,0x00000000e4c00000,0x00000000e5a80000)
 ParOldGen       total 52736K, used 13856K [0x00000000a2c00000, 0x00000000a5f80000, 0x00000000e0f00000)
  object space 52736K, 26% used [0x00000000a2c00000,0x00000000a3988220,0x00000000a5f80000)
 Metaspace       used 34003K, capacity 34541K, committed 34736K, reserved 1079296K
  class space    used 4367K, capacity 4511K, committed 4528K, reserved 1048576K
}
Event: 37.178 GC heap before
{Heap before GC invocations=9 (full 1):
 PSYoungGen      total 44544K, used 13900K [0x00000000e0f00000, 0x00000000e5a80000, 0x0000000100000000)
  eden space 33280K, 7% used [0x00000000e0f00000,0x00000000e1196810,0x00000000e2f80000)
  from space 11264K, 99% used [0x00000000e2f80000,0x00000000e3a7c898,0x00000000e3a80000)
  to   space 14848K, 0% used [0x00000000e4c00000,0x00000000e4c00000,0x00000000e5a80000)
 ParOldGen       total 52736K, used 13856K [0x00000000a2c00000, 0x00000000a5f80000, 0x00000000e0f00000)
  object space 52736K, 26% used [0x00000000a2c00000,0x00000000a3988220,0x00000000a5f80000)
 Metaspace       used 34673K, capacity 35210K, committed 35496K, reserved 1081344K
  class space    used 4434K, capacity 4581K, committed 4656K, reserved 1048576K
Event: 37.193 GC heap after
Heap after GC invocations=9 (full 1):
 PSYoungGen      total 62976K, used 9165K [0x00000000e0f00000, 0x00000000e6000000, 0x0000000100000000)
  eden space 48128K, 0% used [0x00000000e0f00000,0x00000000e0f00000,0x00000000e3e00000)
  from space 14848K, 61% used [0x00000000e4c00000,0x00000000e54f3758,0x00000000e5a80000)
  to   space 14336K, 0% used [0x00000000e3e00000,0x00000000e3e00000,0x00000000e4c00000)
 ParOldGen       total 52736K, used 13905K [0x00000000a2c00000, 0x00000000a5f80000, 0x00000000e0f00000)
  object space 52736K, 26% used [0x00000000a2c00000,0x00000000a39946e0,0x00000000a5f80000)
 Metaspace       used 34673K, capacity 35210K, committed 35496K, reserved 1081344K
  class space    used 4434K, capacity 4581K, committed 4656K, reserved 1048576K
}
Event: 37.194 GC heap before
{Heap before GC invocations=10 (full 2):
 PSYoungGen      total 62976K, used 9165K [0x00000000e0f00000, 0x00000000e6000000, 0x0000000100000000)
  eden space 48128K, 0% used [0x00000000e0f00000,0x00000000e0f00000,0x00000000e3e00000)
  from space 14848K, 61% used [0x00000000e4c00000,0x00000000e54f3758,0x00000000e5a80000)
  to   space 14336K, 0% used [0x00000000e3e00000,0x00000000e3e00000,0x00000000e4c00000)
 ParOldGen       total 52736K, used 13905K [0x00000000a2c00000, 0x00000000a5f80000, 0x00000000e0f00000)
  object space 52736K, 26% used [0x00000000a2c00000,0x00000000a39946e0,0x00000000a5f80000)
 Metaspace       used 34673K, capacity 35210K, committed 35496K, reserved 1081344K
  class space    used 4434K, capacity 4581K, committed 4656K, reserved 1048576K
Event: 37.304 GC heap after
Heap after GC invocations=10 (full 2):
 PSYoungGen      total 62976K, used 0K [0x00000000e0f00000, 0x00000000e6000000, 0x0000000100000000)
  eden space 48128K, 0% used [0x00000000e0f00000,0x00000000e0f00000,0x00000000e3e00000)
  from space 14848K, 0% used [0x00000000e4c00000,0x00000000e4c00000,0x00000000e5a80000)
  to   space 14336K, 0% used [0x00000000e3e00000,0x00000000e3e00000,0x00000000e4c00000)
 ParOldGen       total 74240K, used 14718K [0x00000000a2c00000, 0x00000000a7480000, 0x00000000e0f00000)
  object space 74240K, 19% used [0x00000000a2c00000,0x00000000a3a5fbb0,0x00000000a7480000)
 Metaspace       used 34673K, capacity 35210K, committed 35496K, reserved 1081344K
  class space    used 4434K, capacity 4581K, committed 4656K, reserved 1048576K
}
Event: 44.705 GC heap before
{Heap before GC invocations=11 (full 2):
 PSYoungGen      total 62976K, used 48128K [0x00000000e0f00000, 0x00000000e6000000, 0x0000000100000000)
  eden space 48128K, 100% used [0x00000000e0f00000,0x00000000e3e00000,0x00000000e3e00000)
  from space 14848K, 0% used [0x00000000e4c00000,0x00000000e4c00000,0x00000000e5a80000)
  to   space 14336K, 0% used [0x00000000e3e00000,0x00000000e3e00000,0x00000000e4c00000)
 ParOldGen       total 74240K, used 14718K [0x00000000a2c00000, 0x00000000a7480000, 0x00000000e0f00000)
  object space 74240K, 19% used [0x00000000a2c00000,0x00000000a3a5fbb0,0x00000000a7480000)
 Metaspace       used 38268K, capacity 38886K, committed 39344K, reserved 1083392K
  class space    used 4843K, capacity 4985K, committed 5040K, reserved 1048576K
Event: 44.816 GC heap after
Heap after GC invocations=11 (full 2):
 PSYoungGen      total 62464K, used 9560K [0x00000000e0f00000, 0x00000000e6c00000, 0x0000000100000000)
  eden space 48128K, 0% used [0x00000000e0f00000,0x00000000e0f00000,0x00000000e3e00000)
  from space 14336K, 66% used [0x00000000e3e00000,0x00000000e47561d0,0x00000000e4c00000)
  to   space 14336K, 0% used [0x00000000e5e00000,0x00000000e5e00000,0x00000000e6c00000)
 ParOldGen       total 74240K, used 14726K [0x00000000a2c00000, 0x00000000a7480000, 0x00000000e0f00000)
  object space 74240K, 19% used [0x00000000a2c00000,0x00000000a3a61bb0,0x00000000a7480000)
 Metaspace       used 38268K, capacity 38886K, committed 39344K, reserved 1083392K
  class space    used 4843K, capacity 4985K, committed 5040K, reserved 1048576K
}
Event: 64.682 GC heap before
{Heap before GC invocations=12 (full 2):
 PSYoungGen      total 62464K, used 57688K [0x00000000e0f00000, 0x00000000e6c00000, 0x0000000100000000)
  eden space 48128K, 100% used [0x00000000e0f00000,0x00000000e3e00000,0x00000000e3e00000)
  from space 14336K, 66% used [0x00000000e3e00000,0x00000000e47561d0,0x00000000e4c00000)
  to   space 14336K, 0% used [0x00000000e5e00000,0x00000000e5e00000,0x00000000e6c00000)
 ParOldGen       total 74240K, used 14726K [0x00000000a2c00000, 0x00000000a7480000, 0x00000000e0f00000)
  object space 74240K, 19% used [0x00000000a2c00000,0x00000000a3a61bb0,0x00000000a7480000)
 Metaspace       used 41701K, capacity 42448K, committed 42672K, reserved 1087488K
  class space    used 5121K, capacity 5278K, committed 5296K, reserved 1048576K
Event: 64.864 GC heap after
Heap after GC invocations=12 (full 2):
 PSYoungGen      total 79360K, used 14327K [0x00000000e0f00000, 0x00000000e6e00000, 0x0000000100000000)
  eden space 65024K, 0% used [0x00000000e0f00000,0x00000000e0f00000,0x00000000e4e80000)
  from space 14336K, 99% used [0x00000000e5e00000,0x00000000e6bfddc8,0x00000000e6c00000)
  to   space 15872K, 0% used [0x00000000e4e80000,0x00000000e4e80000,0x00000000e5e00000)
 ParOldGen       total 74240K, used 15569K [0x00000000a2c00000, 0x00000000a7480000, 0x00000000e0f00000)
  object space 74240K, 20% used [0x00000000a2c00000,0x00000000a3b344c0,0x00000000a7480000)
 Metaspace       used 41701K, capacity 42448K, committed 42672K, reserved 1087488K
  class space    used 5121K, capacity 5278K, committed 5296K, reserved 1048576K
}

Deoptimization events (10 events):
Event: 69.128 Thread 0x0000000002645000 Uncommon trap: reason=unstable_if action=reinterpret pc=0x0000000003601dcc method=org.jetbrains.kotlin.types.AbstractClassTypeConstructor.equals(Ljava/lang/Object;)Z @ 24
Event: 69.131 Thread 0x0000000002645000 Uncommon trap: reason=class_check action=maybe_recompile pc=0x00000000035c756c method=org.jetbrains.kotlin.types.TypeConstructorSubstitution$Companion$createByConstructorsMap$1.isEmpty()Z @ 4
Event: 69.134 Thread 0x0000000002645000 Uncommon trap: reason=unstable_if action=reinterpret pc=0x00000000035c74f8 method=org.jetbrains.kotlin.types.TypeSubstitutor.substitute(Lorg/jetbrains/kotlin/types/TypeProjection;)Lorg/jetbrains/kotlin/types/TypeProjection; @ 32
Event: 69.148 Thread 0x0000000002645000 Uncommon trap: reason=unstable_if action=reinterpret pc=0x00000000035d483c method=org.jetbrains.kotlin.types.TypeSubstitutor.substitute(Lorg/jetbrains/kotlin/types/TypeProjection;)Lorg/jetbrains/kotlin/types/TypeProjection; @ 32
Event: 69.152 Thread 0x0000000002645000 Uncommon trap: reason=class_check action=maybe_recompile pc=0x0000000002beb44c method=org.jetbrains.kotlin.types.TypeConstructorSubstitution$Companion$createByConstructorsMap$1.isEmpty()Z @ 4
Event: 69.154 Thread 0x0000000002645000 Uncommon trap: reason=unstable_if action=reinterpret pc=0x0000000003321aec method=org.jetbrains.kotlin.util.Checks.isApplicable(Lorg/jetbrains/kotlin/descriptors/FunctionDescriptor;)Z @ 28
Event: 69.165 Thread 0x0000000002645000 Uncommon trap: reason=unstable_if action=reinterpret pc=0x00000000034e7f8c method=org.jetbrains.kotlin.util.AbstractModifierChecks.check(Lorg/jetbrains/kotlin/descriptors/FunctionDescriptor;)Lorg/jetbrains/kotlin/util/CheckResult; @ 40
Event: 69.296 Thread 0x0000000002645000 Uncommon trap: reason=class_check action=maybe_recompile pc=0x0000000002beb44c method=org.jetbrains.kotlin.types.TypeConstructorSubstitution$Companion$createByConstructorsMap$1.isEmpty()Z @ 4
Event: 69.382 Thread 0x0000000002645000 Uncommon trap: reason=class_check action=maybe_recompile pc=0x00000000034eb634 method=org.jetbrains.kotlin.serialization.deserialization.descriptors.DeserializedMemberScope.getContributedClassifier(Lorg/jetbrains/kotlin/name/Name;Lorg/jetbrains/kotlin/inc
Event: 69.382 Thread 0x0000000002645000 Uncommon trap: reason=class_check action=maybe_recompile pc=0x00000000034eb634 method=org.jetbrains.kotlin.serialization.deserialization.descriptors.DeserializedMemberScope.getContributedClassifier(Lorg/jetbrains/kotlin/name/Name;Lorg/jetbrains/kotlin/inc

Classes redefined (0 events):
No events

Internal exceptions (10 events):
Event: 35.073 Thread 0x0000000002645000 Exception <a 'java/lang/ArrayIndexOutOfBoundsException'> (0x00000000e25d81f0) thrown at [C:\src\AOSP-openjdk-git\hotspot\src\share\vm\runtime\sharedRuntime.cpp, line 605]
Event: 35.073 Thread 0x0000000002645000 Exception <a 'java/lang/ArrayIndexOutOfBoundsException'> (0x00000000e25d9198) thrown at [C:\src\AOSP-openjdk-git\hotspot\src\share\vm\runtime\sharedRuntime.cpp, line 605]
Event: 36.926 Thread 0x0000000002645000 Exception <a 'java/lang/NoSuchMethodError': java.lang.Object.lambda$static$0(I)[Lorg/jetbrains/kotlin/psi/KtExpression;> (0x00000000e0f648d0) thrown at [C:\src\AOSP-openjdk-git\hotspot\src\share\vm\interpreter\linkResolver.cpp, line 620]
Event: 37.332 Thread 0x0000000002645000 Exception <a 'java/lang/NoSuchMethodError': java.lang.Object.lambda$static$0(I)[Lorg/jetbrains/kotlin/psi/KtDeclaration;> (0x00000000e0f816d0) thrown at [C:\src\AOSP-openjdk-git\hotspot\src\share\vm\interpreter\linkResolver.cpp, line 620]
Event: 37.376 Thread 0x0000000002645000 Exception <a 'java/lang/NoSuchMethodError': java.lang.Object.lambda$static$0(I)[Lorg/jetbrains/kotlin/psi/KtTypeElement;> (0x00000000e10d0c50) thrown at [C:\src\AOSP-openjdk-git\hotspot\src\share\vm\interpreter\linkResolver.cpp, line 620]
Event: 45.271 Thread 0x0000000002645000 Exception <a 'java/lang/NoSuchMethodError': java.lang.Object.lambda$static$0(I)[Lorg/jetbrains/kotlin/com/intellij/psi/PsiClass;> (0x00000000e1041eb8) thrown at [C:\src\AOSP-openjdk-git\hotspot\src\share\vm\interpreter\linkResolver.cpp, line 620]
Event: 64.887 Thread 0x0000000002645000 Implicit null exception at 0x0000000002fe1312 to 0x0000000002fe1ef5
Event: 64.887 Thread 0x0000000002645000 Implicit null exception at 0x0000000002cd3dfb to 0x0000000002cd43c5
Event: 68.647 Thread 0x0000000002645000 Implicit null exception at 0x0000000003625fcc to 0x00000000036260b9
Event: 69.702 Thread 0x0000000002645000 Implicit null exception at 0x000000000300d230 to 0x0000000000000000

Events (10 events):
Event: 69.698 loading class org/jetbrains/kotlin/resolve/constants/evaluate/OperationsMapGeneratedKt$binaryOperations$382
Event: 69.698 loading class org/jetbrains/kotlin/resolve/constants/evaluate/OperationsMapGeneratedKt$binaryOperations$382 done
Event: 69.698 loading class org/jetbrains/kotlin/resolve/constants/evaluate/OperationsMapGeneratedKt$binaryOperations$383
Event: 69.698 loading class org/jetbrains/kotlin/resolve/constants/evaluate/OperationsMapGeneratedKt$binaryOperations$383 done
Event: 69.700 loading class org/jetbrains/kotlin/resolve/constants/evaluate/OperationsMapGeneratedKt$binaryOperations$384
Event: 69.700 loading class org/jetbrains/kotlin/resolve/constants/evaluate/OperationsMapGeneratedKt$binaryOperations$384 done
Event: 69.701 loading class org/jetbrains/kotlin/resolve/constants/evaluate/OperationsMapGeneratedKt$binaryOperations$385
Event: 69.701 loading class org/jetbrains/kotlin/resolve/constants/evaluate/OperationsMapGeneratedKt$binaryOperations$385 done
Event: 69.701 loading class org/jetbrains/kotlin/resolve/constants/evaluate/OperationsMapGeneratedKt$binaryOperations$386
Event: 69.701 loading class org/jetbrains/kotlin/resolve/constants/evaluate/OperationsMapGeneratedKt$binaryOperations$386 done


Dynamic libraries:
0x00007ff79ecc0000 - 0x00007ff79ecf1000 	C:\Users\livia\AppData\Local\JetBrains\Toolbox\apps\AndroidStudio\ch-0\193.6626763\jre\jre\bin\java.exe
0x00007ffc24a80000 - 0x00007ffc24c70000 	C:\Windows\SYSTEM32\ntdll.dll
0x00007ffc23830000 - 0x00007ffc238e2000 	C:\Windows\System32\KERNEL32.DLL
0x00007ffc227a0000 - 0x00007ffc22a45000 	C:\Windows\System32\KERNELBASE.dll
0x00007ffc22ed0000 - 0x00007ffc22f73000 	C:\Windows\System32\ADVAPI32.dll
0x00007ffc233d0000 - 0x00007ffc2346e000 	C:\Windows\System32\msvcrt.dll
0x00007ffc22f80000 - 0x00007ffc23017000 	C:\Windows\System32\sechost.dll
0x00007ffc22ce0000 - 0x00007ffc22e00000 	C:\Windows\System32\RPCRT4.dll
0x00007ffc24600000 - 0x00007ffc24794000 	C:\Windows\System32\USER32.dll
0x00007ffc21b10000 - 0x00007ffc21b31000 	C:\Windows\System32\win32u.dll
0x00007ffc24a10000 - 0x00007ffc24a36000 	C:\Windows\System32\GDI32.dll
0x00007ffc22550000 - 0x00007ffc226e6000 	C:\Windows\System32\gdi32full.dll
0x00007ffc21bc0000 - 0x00007ffc21c5e000 	C:\Windows\System32\msvcp_win.dll
0x00007ffc21a10000 - 0x00007ffc21b0a000 	C:\Windows\System32\ucrtbase.dll
0x00007ffc16390000 - 0x00007ffc16614000 	C:\Windows\WinSxS\amd64_microsoft.windows.common-controls_6595b64144ccf1df_6.0.18362.1139_none_9e7bf2d3e4605ac6\COMCTL32.dll
0x00007ffc23020000 - 0x00007ffc23355000 	C:\Windows\System32\combase.dll
0x00007ffc21b40000 - 0x00007ffc21bc0000 	C:\Windows\System32\bcryptPrimitives.dll
0x00007ffc23800000 - 0x00007ffc2382e000 	C:\Windows\System32\IMM32.DLL
0x0000000056d20000 - 0x0000000056df2000 	C:\Users\livia\AppData\Local\JetBrains\Toolbox\apps\AndroidStudio\ch-0\193.6626763\jre\jre\bin\msvcr100.dll
0x0000000057870000 - 0x00000000580bb000 	C:\Users\livia\AppData\Local\JetBrains\Toolbox\apps\AndroidStudio\ch-0\193.6626763\jre\jre\bin\server\jvm.dll
0x00007ffc247a0000 - 0x00007ffc247a8000 	C:\Windows\System32\PSAPI.DLL
0x00007ffc174b0000 - 0x00007ffc174d4000 	C:\Windows\SYSTEM32\WINMM.dll
0x00007ffc20a90000 - 0x00007ffc20a9a000 	C:\Windows\SYSTEM32\VERSION.dll
0x00007ffc1d560000 - 0x00007ffc1d569000 	C:\Windows\SYSTEM32\WSOCK32.dll
0x00007ffc248f0000 - 0x00007ffc2495f000 	C:\Windows\System32\WS2_32.dll
0x00007ffc17480000 - 0x00007ffc174ad000 	C:\Windows\SYSTEM32\winmmbase.dll
0x00007ffc22750000 - 0x00007ffc2279a000 	C:\Windows\System32\cfgmgr32.dll
0x00007ffc1da00000 - 0x00007ffc1da0f000 	C:\Users\livia\AppData\Local\JetBrains\Toolbox\apps\AndroidStudio\ch-0\193.6626763\jre\jre\bin\verify.dll
0x00007ffc1cc80000 - 0x00007ffc1cca9000 	C:\Users\livia\AppData\Local\JetBrains\Toolbox\apps\AndroidStudio\ch-0\193.6626763\jre\jre\bin\java.dll
0x00007ffc125d0000 - 0x00007ffc125e6000 	C:\Users\livia\AppData\Local\JetBrains\Toolbox\apps\AndroidStudio\ch-0\193.6626763\jre\jre\bin\zip.dll
0x00007ffc239c0000 - 0x00007ffc240a7000 	C:\Windows\System32\SHELL32.dll
0x00007ffc24960000 - 0x00007ffc24a09000 	C:\Windows\System32\shcore.dll
0x00007ffc21c60000 - 0x00007ffc223e0000 	C:\Windows\System32\windows.storage.dll
0x00007ffc219e0000 - 0x00007ffc21a03000 	C:\Windows\System32\profapi.dll
0x00007ffc21950000 - 0x00007ffc2199a000 	C:\Windows\System32\powrprof.dll
0x00007ffc21940000 - 0x00007ffc21950000 	C:\Windows\System32\UMPDC.dll
0x00007ffc24110000 - 0x00007ffc24162000 	C:\Windows\System32\shlwapi.dll
0x00007ffc219a0000 - 0x00007ffc219b1000 	C:\Windows\System32\kernel.appcore.dll
0x00007ffc223e0000 - 0x00007ffc223f7000 	C:\Windows\System32\cryptsp.dll
0x00007ffc10720000 - 0x00007ffc1073a000 	C:\Users\livia\AppData\Local\JetBrains\Toolbox\apps\AndroidStudio\ch-0\193.6626763\jre\jre\bin\net.dll
0x00007ffc21130000 - 0x00007ffc21197000 	C:\Windows\system32\mswsock.dll
0x00007ffc0dd10000 - 0x00007ffc0dd23000 	C:\Users\livia\AppData\Local\JetBrains\Toolbox\apps\AndroidStudio\ch-0\193.6626763\jre\jre\bin\nio.dll
0x00007ffc1c990000 - 0x00007ffc1cb84000 	C:\Windows\SYSTEM32\dbghelp.dll

VM Arguments:
java_command: org.jetbrains.kotlin.cli.jvm.K2JVMCompiler -Xallow-no-source-files -classpath F:\WomanCanCode 2020 - Android\Lance Dados\app\build\intermediates\compile_and_runtime_not_namespaced_r_class_jar\debug\R.jar;C:\Users\livia\.gradle\caches\transforms-2\files-2.1\3e8dc1072b3dc6d06f94c550fe8429a6\jetified-kotlin-android-extensions-runtime-1.3.72.jar;C:\Users\livia\.gradle\caches\transforms-2\files-2.1\e6e9cc00e0c2e36e611c6c04ff8203b1\jetified-core-ktx-1.3.2-api.jar;C:\Users\livia\.gradle\caches\transforms-2\files-2.1\b87f47617c59ac9ee181a007f480e53f\jetified-kotlin-stdlib-1.3.72.jar;C:\Users\livia\.gradle\caches\transforms-2\files-2.1\481f4a34bee68d86b8ce8774eb15d925\jetified-kotlin-stdlib-common-1.3.72.jar;C:\Users\livia\.gradle\caches\transforms-2\files-2.1\8d2026e1436f86ed1258cdda39e32916\jetified-annotations-13.0.jar;C:\Users\livia\.gradle\caches\transforms-2\files-2.1\648dcc357c4b7b7a5efb4c71624f57d1\constraintlayout-2.0.2-api.jar;C:\Users\livia\.gradle\caches\transforms-2\files-2.1\3d8ac964eba6dce9809569581de82f9d\appcompat-1.2.0-api.jar;C:\Users\livia\.gradle\caches\transforms-2\files-2.1\c4417d818a733e73a41458470f86b9be\fragment-1.1.0-api.jar;C:\Users\livia\.gradle\caches\transforms-2\files-2.1\c28b01757a07ac6fb4508d3179bd4d90\jetified-appcompat-resources-1.2.0-api.jar;C:\Users\livia\.gradle\caches\transforms-2\files-2.1\4c8ff528696f7b6e27953e8d6eeb01a9\drawerlayout-1.0.0-api.jar;C:\Users\livia\.gradle\caches\transforms-2\files-2.1\a93c93c702050f703c78764de0b113e8\viewpager-1.0.0-api.jar;C:\Users\livia\.gradle\caches\transforms-2\files-2.1\7df8f94dfe2872df3e5d3da266742398\loader-1.0.0-api.jar;C:\Users\livia\.gradle\caches\transforms-2\files-2.1\333aea6011630b1791363616251d4039\jetified-activity-1.0.0-api.jar;C:\Users\livia\.gradle\caches\transforms-2\files-2.1\9bb80f26171acae195bade97293151c9\vectordrawable-animated-1.1.0-api.jar;C:\Users\livia\.gradle\caches\transforms-2\files-2.1\f1ec0feb275f3ee75c8446afd4ec38f1\vectordrawable-1.1.0-api.jar;C:\User
java_class_path (initial): C:\Users\livia\.gradle\caches\modules-2\files-2.1\org.jetbrains.kotlin\kotlin-compiler-embeddable\1.3.72\fb72232c8fa977d5e07d33c43381ddbdc5edab6\kotlin-compiler-embeddable-1.3.72.jar;C:\Users\livia\.gradle\caches\modules-2\files-2.1\org.jetbrains.kotlin\kotlin-reflect\1.3.72\86613e1a669a701b0c660bfd2af4f82a7ae11fca\kotlin-reflect-1.3.72.jar;C:\Users\livia\.gradle\caches\modules-2\files-2.1\org.jetbrains.kotlin\kotlin-stdlib\1.3.72\8032138f12c0180bc4e51fe139d4c52b46db6109\kotlin-stdlib-1.3.72.jar;C:\Users\livia\.gradle\caches\modules-2\files-2.1\org.jetbrains.kotlin\kotlin-script-runtime\1.3.72\657d8d34d91e1964b4439378c09933e840bfe8d5\kotlin-script-runtime-1.3.72.jar;C:\Users\livia\.gradle\caches\modules-2\files-2.1\org.jetbrains.kotlin\kotlin-daemon-embeddable\1.3.72\53bbaa2816dbf6bdb85f629451b1fcc88f2164d2\kotlin-daemon-embeddable-1.3.72.jar;C:\Users\livia\.gradle\caches\modules-2\files-2.1\org.jetbrains.intellij.deps\trove4j\1.0.20181211\216c2e14b070f334479d800987affe4054cd563f\trove4j-1.0.20181211.jar;C:\Users\livia\.gradle\caches\modules-2\files-2.1\org.jetbrains.kotlin\kotlin-stdlib-common\1.3.72\6ca8bee3d88957eaaaef077c41c908c9940492d8\kotlin-stdlib-common-1.3.72.jar;C:\Users\livia\.gradle\caches\modules-2\files-2.1\org.jetbrains\annotations\13.0\919f0dfe192fb4e063e7dacadee7f8bb9a2672a9\annotations-13.0.jar;C:\Users\livia\AppData\Local\JetBrains\Toolbox\apps\AndroidStudio\ch-0\193.6626763\jre\lib\tools.jar
Launcher Type: SUN_STANDARD

Environment Variables:
JAVA_HOME=C:\Program Files\Java\jdk1.8.0_261
PATH=C:\ProgramData\Oracle\Java\javapath;C:\Python38\Scripts\;C:\Python38\;C:\Program Files (x86)\Intel\iCLS Client\;C:\Program Files\Intel\iCLS Client\;C:\Windows\system32;C:\Windows;C:\Windows\System32\Wbem;C:\Windows\System32\WindowsPowerShell\v1.0\;C:\Windows\System32\OpenSSH\;C:\Program Files\Intel\Intel(R) Management Engine Components\DAL;C:\Program Files\Intel\Intel(R) Management Engine Components\IPT;C:\Program Files (x86)\Intel\Intel(R) Management Engine Components\DAL;C:\Program Files (x86)\Intel\Intel(R) Management Engine Components\IPT;C:\ProgramData\chocolatey\bin;D:\Program Files\nodejs\;C:\Program Files\Git\cmd;C:\Program Files\apache-maven-3.6.3\bin;C:\Program Files\Java\jdk1.8.0_261\bin;C:\Program Files (x86)\Yarn\bin\;C:\Users\livia\AppData\Local\Microsoft\WindowsApps;C:\Users\livia\AppData\Local\Programs\Microsoft VS Code\bin;C:\Users\livia\AppData\Roaming\npm;C:\Users\livia\AppData\Local\GitHubDesktop\bin;C:\Program Files\Docker Toolbox;C:\Users\livia\AppData\Local\Yarn\bin
USERNAME=livia
OS=Windows_NT
PROCESSOR_IDENTIFIER=Intel64 Family 6 Model 42 Stepping 7, GenuineIntel



---------------  S Y S T E M  ---------------

OS: Windows 10.0 , 64 bit Build 18362 (10.0.18362.1110)

CPU:total 4 (initial active 4) (2 cores per cpu, 2 threads per core) family 6 model 42 stepping 7, cmov, cx8, fxsr, mmx, sse, sse2, sse3, ssse3, sse4.1, sse4.2, popcnt, avx, aes, clmul, ht, tsc, tscinvbit

Memory: 4k page, physical 6103404k(449796k free), swap 15892780k(3897760k free)

vm_info: OpenJDK 64-Bit Server VM (25.242-b01) for windows-amd64 JRE (1.8.0_242-release-1644-b01), built by "builder" with MS VC++ 10.0 (VS2010)

time: Sat Oct 24 14:23:43 2020
timezone: Hora oficial do Brasil
elapsed time: 69 seconds (0d 0h 1m 9s)

